-------------------------------------------------------------------------------
Test set: com.yourcompany.SampleSauceTest
-------------------------------------------------------------------------------
Tests run: 10, Failures: 0, Errors: 10, Skipped: 0, Time elapsed: 303.448 sec <<< FAILURE!
loginTest[2](com.yourcompany.SampleSauceTest)  Time elapsed: 0.004 sec  <<< ERROR!
java.lang.NullPointerException
	at com.yourcompany.SampleSauceTest.tearDown(SampleSauceTest.java:192)
	at sun.reflect.NativeMethodAccessorImpl.invoke0(Native Method)
	at sun.reflect.NativeMethodAccessorImpl.invoke(NativeMethodAccessorImpl.java:62)
	at sun.reflect.DelegatingMethodAccessorImpl.invoke(DelegatingMethodAccessorImpl.java:43)
	at java.lang.reflect.Method.invoke(Method.java:497)
	at org.junit.runners.model.FrameworkMethod$1.runReflectiveCall(FrameworkMethod.java:47)
	at org.junit.internal.runners.model.ReflectiveCallable.run(ReflectiveCallable.java:12)
	at org.junit.runners.model.FrameworkMethod.invokeExplosively(FrameworkMethod.java:44)
	at org.junit.internal.runners.statements.RunAfters.evaluate(RunAfters.java:33)
	at org.junit.rules.TestWatcher$1.evaluate(TestWatcher.java:55)
	at org.junit.rules.RunRules.evaluate(RunRules.java:20)
	at org.junit.runners.ParentRunner.runLeaf(ParentRunner.java:271)
	at org.junit.runners.BlockJUnit4ClassRunner.runChild(BlockJUnit4ClassRunner.java:70)
	at com.saucelabs.junit.ConcurrentParameterized$SauceClassRunnerForParameters.access$300(ConcurrentParameterized.java:170)
	at com.saucelabs.junit.ConcurrentParameterized$SauceClassRunnerForParameters$2.run(ConcurrentParameterized.java:287)
	at com.saucelabs.junit.ConcurrentParameterized$NonBlockingAsynchronousRunner$1.call(ConcurrentParameterized.java:312)
	at java.util.concurrent.FutureTask.run(FutureTask.java:266)
	at java.util.concurrent.ThreadPoolExecutor.runWorker(ThreadPoolExecutor.java:1142)
	at java.util.concurrent.ThreadPoolExecutor$Worker.run(ThreadPoolExecutor.java:617)
	at java.lang.Thread.run(Thread.java:745)

loginTest[0](com.yourcompany.SampleSauceTest)  Time elapsed: 0.001 sec  <<< ERROR!
java.lang.NullPointerException
	at com.yourcompany.SampleSauceTest.tearDown(SampleSauceTest.java:192)
	at sun.reflect.NativeMethodAccessorImpl.invoke0(Native Method)
	at sun.reflect.NativeMethodAccessorImpl.invoke(NativeMethodAccessorImpl.java:62)
	at sun.reflect.DelegatingMethodAccessorImpl.invoke(DelegatingMethodAccessorImpl.java:43)
	at java.lang.reflect.Method.invoke(Method.java:497)
	at org.junit.runners.model.FrameworkMethod$1.runReflectiveCall(FrameworkMethod.java:47)
	at org.junit.internal.runners.model.ReflectiveCallable.run(ReflectiveCallable.java:12)
	at org.junit.runners.model.FrameworkMethod.invokeExplosively(FrameworkMethod.java:44)
	at org.junit.internal.runners.statements.RunAfters.evaluate(RunAfters.java:33)
	at org.junit.rules.TestWatcher$1.evaluate(TestWatcher.java:55)
	at org.junit.rules.RunRules.evaluate(RunRules.java:20)
	at org.junit.runners.ParentRunner.runLeaf(ParentRunner.java:271)
	at org.junit.runners.BlockJUnit4ClassRunner.runChild(BlockJUnit4ClassRunner.java:70)
	at com.saucelabs.junit.ConcurrentParameterized$SauceClassRunnerForParameters.access$300(ConcurrentParameterized.java:170)
	at com.saucelabs.junit.ConcurrentParameterized$SauceClassRunnerForParameters$2.run(ConcurrentParameterized.java:287)
	at com.saucelabs.junit.ConcurrentParameterized$NonBlockingAsynchronousRunner$1.call(ConcurrentParameterized.java:312)
	at java.util.concurrent.FutureTask.run(FutureTask.java:266)
	at java.util.concurrent.ThreadPoolExecutor.runWorker(ThreadPoolExecutor.java:1142)
	at java.util.concurrent.ThreadPoolExecutor$Worker.run(ThreadPoolExecutor.java:617)
	at java.lang.Thread.run(Thread.java:745)

loginTest[7](com.yourcompany.SampleSauceTest)  Time elapsed: 0 sec  <<< ERROR!
java.lang.NullPointerException
	at com.yourcompany.SampleSauceTest.tearDown(SampleSauceTest.java:192)
	at sun.reflect.NativeMethodAccessorImpl.invoke0(Native Method)
	at sun.reflect.NativeMethodAccessorImpl.invoke(NativeMethodAccessorImpl.java:62)
	at sun.reflect.DelegatingMethodAccessorImpl.invoke(DelegatingMethodAccessorImpl.java:43)
	at java.lang.reflect.Method.invoke(Method.java:497)
	at org.junit.runners.model.FrameworkMethod$1.runReflectiveCall(FrameworkMethod.java:47)
	at org.junit.internal.runners.model.ReflectiveCallable.run(ReflectiveCallable.java:12)
	at org.junit.runners.model.FrameworkMethod.invokeExplosively(FrameworkMethod.java:44)
	at org.junit.internal.runners.statements.RunAfters.evaluate(RunAfters.java:33)
	at org.junit.rules.TestWatcher$1.evaluate(TestWatcher.java:55)
	at org.junit.rules.RunRules.evaluate(RunRules.java:20)
	at org.junit.runners.ParentRunner.runLeaf(ParentRunner.java:271)
	at org.junit.runners.BlockJUnit4ClassRunner.runChild(BlockJUnit4ClassRunner.java:70)
	at com.saucelabs.junit.ConcurrentParameterized$SauceClassRunnerForParameters.access$300(ConcurrentParameterized.java:170)
	at com.saucelabs.junit.ConcurrentParameterized$SauceClassRunnerForParameters$2.run(ConcurrentParameterized.java:287)
	at com.saucelabs.junit.ConcurrentParameterized$NonBlockingAsynchronousRunner$1.call(ConcurrentParameterized.java:312)
	at java.util.concurrent.FutureTask.run(FutureTask.java:266)
	at java.util.concurrent.ThreadPoolExecutor.runWorker(ThreadPoolExecutor.java:1142)
	at java.util.concurrent.ThreadPoolExecutor$Worker.run(ThreadPoolExecutor.java:617)
	at java.lang.Thread.run(Thread.java:745)

loginTest[6](com.yourcompany.SampleSauceTest)  Time elapsed: 0.003 sec  <<< ERROR!
java.lang.NullPointerException
	at com.yourcompany.SampleSauceTest.tearDown(SampleSauceTest.java:192)
	at sun.reflect.NativeMethodAccessorImpl.invoke0(Native Method)
	at sun.reflect.NativeMethodAccessorImpl.invoke(NativeMethodAccessorImpl.java:62)
	at sun.reflect.DelegatingMethodAccessorImpl.invoke(DelegatingMethodAccessorImpl.java:43)
	at java.lang.reflect.Method.invoke(Method.java:497)
	at org.junit.runners.model.FrameworkMethod$1.runReflectiveCall(FrameworkMethod.java:47)
	at org.junit.internal.runners.model.ReflectiveCallable.run(ReflectiveCallable.java:12)
	at org.junit.runners.model.FrameworkMethod.invokeExplosively(FrameworkMethod.java:44)
	at org.junit.internal.runners.statements.RunAfters.evaluate(RunAfters.java:33)
	at org.junit.rules.TestWatcher$1.evaluate(TestWatcher.java:55)
	at org.junit.rules.RunRules.evaluate(RunRules.java:20)
	at org.junit.runners.ParentRunner.runLeaf(ParentRunner.java:271)
	at org.junit.runners.BlockJUnit4ClassRunner.runChild(BlockJUnit4ClassRunner.java:70)
	at com.saucelabs.junit.ConcurrentParameterized$SauceClassRunnerForParameters.access$300(ConcurrentParameterized.java:170)
	at com.saucelabs.junit.ConcurrentParameterized$SauceClassRunnerForParameters$2.run(ConcurrentParameterized.java:287)
	at com.saucelabs.junit.ConcurrentParameterized$NonBlockingAsynchronousRunner$1.call(ConcurrentParameterized.java:312)
	at java.util.concurrent.FutureTask.run(FutureTask.java:266)
	at java.util.concurrent.ThreadPoolExecutor.runWorker(ThreadPoolExecutor.java:1142)
	at java.util.concurrent.ThreadPoolExecutor$Worker.run(ThreadPoolExecutor.java:617)
	at java.lang.Thread.run(Thread.java:745)

loginTest[9](com.yourcompany.SampleSauceTest)  Time elapsed: 0.002 sec  <<< ERROR!
org.openqa.selenium.WebDriverException: <!DOCTYPE html PUBLIC "-//W3C//DTD HTML 4.01//EN" "http://www.w3.org/TR/html4/strict.dtd"><html><head><meta http-equiv="Content-Type" content="text/html; charset=utf-8"><title>ERROR: The requested URL could not be retrieved</title><style type="text/css"><!--  Internal Error: Missing Template MGR_INDEXbody:lang(fa) { direction: rtl; font-size: 100%; font-family: Tahoma, Roya, sans-serif; float: right; }:lang(he) { direction: rtl; } --></style><meta http-equiv="refresh" content="0; url=http://www.flyfi.com/global/errors/no-coverage.htm"/><style type="text/css"><!-- html body {font-size: 0pt; color: #ffffff; background: #ffffff;} hr { display: none; } #titles { background: #ffffff; color: #ffffff; } h1 { font-size: 0pt; color: #ffffff; } h2 { font-size: 0pt; color: #ffffff; } #footer { font-size: 0pt; color: #ffffff; } a { color: #ffffff; font-size: 0pt; } p { color: #ffffff; font-size: 0pt; } --></style></head><body id=ERR_READ_ERROR><div id="titles"><h1>ERROR</h1><h2>The requested URL could not be retrieved</h2></div><hr><div id="content"><p>The following error was encountered while trying to retrieve the URL: <a href="http://ondemand.saucelabs.com/wd/hub/session/16e456ec3c344cfa909e8b52182f5c07/element">http://ondemand.saucelabs.com/wd/hub/session/16e456ec3c344cfa909e8b52182f5c07/element</a></p><blockquote id="error"><p><b>Read Error</b></p></blockquote><p id="sysmsg">The system returned: <i>(104) Connection reset by peer</i></p><p>An error condition occurred while reading data from the network. Please retry your request.</p><p>Your cache administrator is <a href="mailto:webmaster?subject=CacheErrorInfo%20-%20ERR_READ_ERROR&amp;body=CacheHost%3A%203%0D%0AErrPage%3A%20ERR_READ_ERROR%0D%0AErr%3A%20(104)%20Connection%20reset%20by%20peer%0D%0ATimeStamp%3A%20Tue,%2016%20Jun%202015%2023%3A19%3A10%20GMT%0D%0A%0D%0AClientIP%3A%20172.27.6.112%0D%0AServerIP%3A%20ondemand.saucelabs.com%0D%0A%0D%0AHTTP%20Request%3A%0D%0APOST%20%2Fwd%2Fhub%2Fsession%2F16e456ec3c344cfa909e8b52182f5c07%2Felement%20HTTP%2F1.1%0AContent-Type%3A%20application%2Fjson%3B%20charset%3Dutf-8%0D%0AContent-Length%3A%20121%0D%0AHost%3A%20ondemand.saucelabs.com%3A80%0D%0AConnection%3A%20Keep-Alive%0D%0AUser-Agent%3A%20Apache-HttpClient%2F4.3.6%20(java%201.5)%0D%0AAccept-Encoding%3A%20gzip,deflate%0D%0A%0D%0A%0D%0A">webmaster</a>.</p><br></div><hr><div id="footer"><p>Generated Tue, 16 Jun 2015 23:19:10 GMT by 3 (squid)</p><!-- ERR_READ_ERROR --></div></body></html>
Command duration or timeout: 5.74 seconds
Build info: version: '2.45.0', revision: '5017cb8e7ca8e37638dc3091b2440b90a1d8686f', time: '2015-02-27 09:10:26'
System info: host: 'kristians-MacBook-Air.local', ip: '172.27.6.112', os.name: 'Mac OS X', os.arch: 'x86_64', os.version: '10.10.3', java.version: '1.8.0_40'
Driver info: org.openqa.selenium.remote.RemoteWebDriver
Capabilities [{applicationCacheEnabled=true, rotatable=false, hasMetadata=true, databaseEnabled=true, handlesAlerts=true, version=38.0.5, platform=WINDOWS, nativeEvents=false, acceptSslCerts=true, webdriver.remote.sessionid=16e456ec3c344cfa909e8b52182f5c07, locationContextEnabled=true, webStorageEnabled=true, takesScreenshot=true, browserName=firefox, javascriptEnabled=true, cssSelectorsEnabled=true}]
Session ID: 16e456ec3c344cfa909e8b52182f5c07
*** Element info: {Using=xpath, value=//div[@class='xdeals-container']//a[.='Search Express Deals®']}
	at sun.reflect.NativeConstructorAccessorImpl.newInstance0(Native Method)
	at sun.reflect.NativeConstructorAccessorImpl.newInstance(NativeConstructorAccessorImpl.java:62)
	at sun.reflect.DelegatingConstructorAccessorImpl.newInstance(DelegatingConstructorAccessorImpl.java:45)
	at java.lang.reflect.Constructor.newInstance(Constructor.java:422)
	at org.openqa.selenium.remote.ErrorHandler.createThrowable(ErrorHandler.java:204)
	at org.openqa.selenium.remote.ErrorHandler.throwIfResponseFailed(ErrorHandler.java:156)
	at org.openqa.selenium.remote.RemoteWebDriver.execute(RemoteWebDriver.java:599)
	at org.openqa.selenium.remote.RemoteWebDriver.findElement(RemoteWebDriver.java:352)
	at org.openqa.selenium.remote.RemoteWebDriver.findElementByXPath(RemoteWebDriver.java:449)
	at org.openqa.selenium.By$ByXPath.findElement(By.java:357)
	at org.openqa.selenium.remote.RemoteWebDriver.findElement(RemoteWebDriver.java:344)
	at com.yourcompany.SampleSauceTest.loginTest(SampleSauceTest.java:176)
	at sun.reflect.NativeMethodAccessorImpl.invoke0(Native Method)
	at sun.reflect.NativeMethodAccessorImpl.invoke(NativeMethodAccessorImpl.java:62)
	at sun.reflect.DelegatingMethodAccessorImpl.invoke(DelegatingMethodAccessorImpl.java:43)
	at java.lang.reflect.Method.invoke(Method.java:497)
	at org.junit.runners.model.FrameworkMethod$1.runReflectiveCall(FrameworkMethod.java:47)
	at org.junit.internal.runners.model.ReflectiveCallable.run(ReflectiveCallable.java:12)
	at org.junit.runners.model.FrameworkMethod.invokeExplosively(FrameworkMethod.java:44)
	at org.junit.internal.runners.statements.InvokeMethod.evaluate(InvokeMethod.java:17)
	at org.junit.internal.runners.statements.RunBefores.evaluate(RunBefores.java:26)
	at org.junit.internal.runners.statements.RunAfters.evaluate(RunAfters.java:27)
	at org.junit.rules.TestWatcher$1.evaluate(TestWatcher.java:55)
	at org.junit.rules.RunRules.evaluate(RunRules.java:20)
	at org.junit.runners.ParentRunner.runLeaf(ParentRunner.java:271)
	at org.junit.runners.BlockJUnit4ClassRunner.runChild(BlockJUnit4ClassRunner.java:70)
	at com.saucelabs.junit.ConcurrentParameterized$SauceClassRunnerForParameters.access$300(ConcurrentParameterized.java:170)
	at com.saucelabs.junit.ConcurrentParameterized$SauceClassRunnerForParameters$2.run(ConcurrentParameterized.java:287)
	at com.saucelabs.junit.ConcurrentParameterized$NonBlockingAsynchronousRunner$1.call(ConcurrentParameterized.java:312)
	at java.util.concurrent.FutureTask.run(FutureTask.java:266)
	at java.util.concurrent.ThreadPoolExecutor.runWorker(ThreadPoolExecutor.java:1142)
	at java.util.concurrent.ThreadPoolExecutor$Worker.run(ThreadPoolExecutor.java:617)
	at java.lang.Thread.run(Thread.java:745)

loginTest[5](com.yourcompany.SampleSauceTest)  Time elapsed: 0.001 sec  <<< ERROR!
org.openqa.selenium.WebDriverException: <!DOCTYPE html PUBLIC "-//W3C//DTD HTML 4.01//EN" "http://www.w3.org/TR/html4/strict.dtd"><html><head><meta http-equiv="Content-Type" content="text/html; charset=utf-8"><title>ERROR: The requested URL could not be retrieved</title><style type="text/css"><!--  Internal Error: Missing Template MGR_INDEXbody:lang(fa) { direction: rtl; font-size: 100%; font-family: Tahoma, Roya, sans-serif; float: right; }:lang(he) { direction: rtl; } --></style><meta http-equiv="refresh" content="0; url=http://www.flyfi.com/global/errors/no-coverage.htm"/><style type="text/css"><!-- html body {font-size: 0pt; color: #ffffff; background: #ffffff;} hr { display: none; } #titles { background: #ffffff; color: #ffffff; } h1 { font-size: 0pt; color: #ffffff; } h2 { font-size: 0pt; color: #ffffff; } #footer { font-size: 0pt; color: #ffffff; } a { color: #ffffff; font-size: 0pt; } p { color: #ffffff; font-size: 0pt; } --></style></head><body id=ERR_READ_ERROR><div id="titles"><h1>ERROR</h1><h2>The requested URL could not be retrieved</h2></div><hr><div id="content"><p>The following error was encountered while trying to retrieve the URL: <a href="http://ondemand.saucelabs.com/wd/hub/session/93e3fd41fc3a4c4ea51119859064ced5/element/1/click">http://ondemand.saucelabs.com/wd/hub/session/93e3fd41fc3a4c4ea51119859064ced5/element/1/click</a></p><blockquote id="error"><p><b>Read Error</b></p></blockquote><p id="sysmsg">The system returned: <i>(104) Connection reset by peer</i></p><p>An error condition occurred while reading data from the network. Please retry your request.</p><p>Your cache administrator is <a href="mailto:webmaster?subject=CacheErrorInfo%20-%20ERR_READ_ERROR&amp;body=CacheHost%3A%203%0D%0AErrPage%3A%20ERR_READ_ERROR%0D%0AErr%3A%20(104)%20Connection%20reset%20by%20peer%0D%0ATimeStamp%3A%20Tue,%2016%20Jun%202015%2023%3A19%3A14%20GMT%0D%0A%0D%0AClientIP%3A%20172.27.6.112%0D%0AServerIP%3A%20ondemand.saucelabs.com%0D%0A%0D%0AHTTP%20Request%3A%0D%0APOST%20%2Fwd%2Fhub%2Fsession%2F93e3fd41fc3a4c4ea51119859064ced5%2Felement%2F1%2Fclick%20HTTP%2F1.1%0AContent-Type%3A%20application%2Fjson%3B%20charset%3Dutf-8%0D%0AContent-Length%3A%2010%0D%0AHost%3A%20ondemand.saucelabs.com%3A80%0D%0AConnection%3A%20Keep-Alive%0D%0AUser-Agent%3A%20Apache-HttpClient%2F4.3.6%20(java%201.5)%0D%0AAccept-Encoding%3A%20gzip,deflate%0D%0A%0D%0A%0D%0A">webmaster</a>.</p><br></div><hr><div id="footer"><p>Generated Tue, 16 Jun 2015 23:19:14 GMT by 3 (squid)</p><!-- ERR_READ_ERROR --></div></body></html>
Command duration or timeout: 5.94 seconds
Build info: version: '2.45.0', revision: '5017cb8e7ca8e37638dc3091b2440b90a1d8686f', time: '2015-02-27 09:10:26'
System info: host: 'kristians-MacBook-Air.local', ip: '172.27.6.112', os.name: 'Mac OS X', os.arch: 'x86_64', os.version: '10.10.3', java.version: '1.8.0_40'
Driver info: org.openqa.selenium.remote.RemoteWebDriver
Capabilities [{webdriver.remote.sessionid=93e3fd41fc3a4c4ea51119859064ced5, takesScreenshot=true, browserName=safari, javascriptEnabled=true, hasMetadata=true, version=8.0, cssSelectorsEnabled=true, platform=MAC, secureSsl=true}]
Session ID: 93e3fd41fc3a4c4ea51119859064ced5
	at sun.reflect.NativeConstructorAccessorImpl.newInstance0(Native Method)
	at sun.reflect.NativeConstructorAccessorImpl.newInstance(NativeConstructorAccessorImpl.java:62)
	at sun.reflect.DelegatingConstructorAccessorImpl.newInstance(DelegatingConstructorAccessorImpl.java:45)
	at java.lang.reflect.Constructor.newInstance(Constructor.java:422)
	at org.openqa.selenium.remote.ErrorHandler.createThrowable(ErrorHandler.java:204)
	at org.openqa.selenium.remote.ErrorHandler.throwIfResponseFailed(ErrorHandler.java:156)
	at org.openqa.selenium.remote.RemoteWebDriver.execute(RemoteWebDriver.java:599)
	at org.openqa.selenium.remote.RemoteWebElement.execute(RemoteWebElement.java:268)
	at org.openqa.selenium.remote.RemoteWebElement.click(RemoteWebElement.java:79)
	at com.yourcompany.SampleSauceTest.loginTest(SampleSauceTest.java:177)
	at sun.reflect.NativeMethodAccessorImpl.invoke0(Native Method)
	at sun.reflect.NativeMethodAccessorImpl.invoke(NativeMethodAccessorImpl.java:62)
	at sun.reflect.DelegatingMethodAccessorImpl.invoke(DelegatingMethodAccessorImpl.java:43)
	at java.lang.reflect.Method.invoke(Method.java:497)
	at org.junit.runners.model.FrameworkMethod$1.runReflectiveCall(FrameworkMethod.java:47)
	at org.junit.internal.runners.model.ReflectiveCallable.run(ReflectiveCallable.java:12)
	at org.junit.runners.model.FrameworkMethod.invokeExplosively(FrameworkMethod.java:44)
	at org.junit.internal.runners.statements.InvokeMethod.evaluate(InvokeMethod.java:17)
	at org.junit.internal.runners.statements.RunBefores.evaluate(RunBefores.java:26)
	at org.junit.internal.runners.statements.RunAfters.evaluate(RunAfters.java:27)
	at org.junit.rules.TestWatcher$1.evaluate(TestWatcher.java:55)
	at org.junit.rules.RunRules.evaluate(RunRules.java:20)
	at org.junit.runners.ParentRunner.runLeaf(ParentRunner.java:271)
	at org.junit.runners.BlockJUnit4ClassRunner.runChild(BlockJUnit4ClassRunner.java:70)
	at com.saucelabs.junit.ConcurrentParameterized$SauceClassRunnerForParameters.access$300(ConcurrentParameterized.java:170)
	at com.saucelabs.junit.ConcurrentParameterized$SauceClassRunnerForParameters$2.run(ConcurrentParameterized.java:287)
	at com.saucelabs.junit.ConcurrentParameterized$NonBlockingAsynchronousRunner$1.call(ConcurrentParameterized.java:312)
	at java.util.concurrent.FutureTask.run(FutureTask.java:266)
	at java.util.concurrent.ThreadPoolExecutor.runWorker(ThreadPoolExecutor.java:1142)
	at java.util.concurrent.ThreadPoolExecutor$Worker.run(ThreadPoolExecutor.java:617)
	at java.lang.Thread.run(Thread.java:745)

loginTest[4](com.yourcompany.SampleSauceTest)  Time elapsed: 0.004 sec  <<< ERROR!
org.openqa.selenium.WebDriverException: <!DOCTYPE html PUBLIC "-//W3C//DTD HTML 4.01//EN" "http://www.w3.org/TR/html4/strict.dtd"><html><head><meta http-equiv="Content-Type" content="text/html; charset=utf-8"><title>ERROR: The requested URL could not be retrieved</title><style type="text/css"><!--  Internal Error: Missing Template MGR_INDEXbody:lang(fa) { direction: rtl; font-size: 100%; font-family: Tahoma, Roya, sans-serif; float: right; }:lang(he) { direction: rtl; } --></style><meta http-equiv="refresh" content="0; url=http://www.flyfi.com/global/errors/no-coverage.htm"/><style type="text/css"><!-- html body {font-size: 0pt; color: #ffffff; background: #ffffff;} hr { display: none; } #titles { background: #ffffff; color: #ffffff; } h1 { font-size: 0pt; color: #ffffff; } h2 { font-size: 0pt; color: #ffffff; } #footer { font-size: 0pt; color: #ffffff; } a { color: #ffffff; font-size: 0pt; } p { color: #ffffff; font-size: 0pt; } --></style></head><body id=ERR_READ_ERROR><div id="titles"><h1>ERROR</h1><h2>The requested URL could not be retrieved</h2></div><hr><div id="content"><p>The following error was encountered while trying to retrieve the URL: <a href="http://ondemand.saucelabs.com/wd/hub/session/d5b0ea9d7b7d43719a0cfc979c9f2294">http://ondemand.saucelabs.com/wd/hub/session/d5b0ea9d7b7d43719a0cfc979c9f2294</a></p><blockquote id="error"><p><b>Read Error</b></p></blockquote><p id="sysmsg">The system returned: <i>(104) Connection reset by peer</i></p><p>An error condition occurred while reading data from the network. Please retry your request.</p><p>Your cache administrator is <a href="mailto:webmaster?subject=CacheErrorInfo%20-%20ERR_READ_ERROR&amp;body=CacheHost%3A%203%0D%0AErrPage%3A%20ERR_READ_ERROR%0D%0AErr%3A%20(104)%20Connection%20reset%20by%20peer%0D%0ATimeStamp%3A%20Tue,%2016%20Jun%202015%2023%3A19%3A14%20GMT%0D%0A%0D%0AClientIP%3A%20172.27.6.112%0D%0AServerIP%3A%20ondemand.saucelabs.com%0D%0A%0D%0AHTTP%20Request%3A%0D%0ADELETE%20%2Fwd%2Fhub%2Fsession%2Fd5b0ea9d7b7d43719a0cfc979c9f2294%20HTTP%2F1.1%0AHost%3A%20ondemand.saucelabs.com%3A80%0D%0AConnection%3A%20Keep-Alive%0D%0AUser-Agent%3A%20Apache-HttpClient%2F4.3.6%20(java%201.5)%0D%0AAccept-Encoding%3A%20gzip,deflate%0D%0A%0D%0A%0D%0A">webmaster</a>.</p><br></div><hr><div id="footer"><p>Generated Tue, 16 Jun 2015 23:19:14 GMT by 3 (squid)</p><!-- ERR_READ_ERROR --></div></body></html>
Command duration or timeout: 5.86 seconds
Build info: version: '2.45.0', revision: '5017cb8e7ca8e37638dc3091b2440b90a1d8686f', time: '2015-02-27 09:10:26'
System info: host: 'kristians-MacBook-Air.local', ip: '172.27.6.112', os.name: 'Mac OS X', os.arch: 'x86_64', os.version: '10.10.3', java.version: '1.8.0_40'
Driver info: org.openqa.selenium.remote.RemoteWebDriver
Capabilities [{webdriver.remote.sessionid=d5b0ea9d7b7d43719a0cfc979c9f2294, takesScreenshot=true, browserName=safari, javascriptEnabled=true, hasMetadata=true, version=6.0.5, cssSelectorsEnabled=true, platform=MAC, secureSsl=true}]
Session ID: d5b0ea9d7b7d43719a0cfc979c9f2294
	at sun.reflect.NativeConstructorAccessorImpl.newInstance0(Native Method)
	at sun.reflect.NativeConstructorAccessorImpl.newInstance(NativeConstructorAccessorImpl.java:62)
	at sun.reflect.DelegatingConstructorAccessorImpl.newInstance(DelegatingConstructorAccessorImpl.java:45)
	at java.lang.reflect.Constructor.newInstance(Constructor.java:422)
	at org.openqa.selenium.remote.ErrorHandler.createThrowable(ErrorHandler.java:204)
	at org.openqa.selenium.remote.ErrorHandler.throwIfResponseFailed(ErrorHandler.java:156)
	at org.openqa.selenium.remote.RemoteWebDriver.execute(RemoteWebDriver.java:599)
	at org.openqa.selenium.remote.RemoteWebDriver.execute(RemoteWebDriver.java:622)
	at org.openqa.selenium.remote.RemoteWebDriver.quit(RemoteWebDriver.java:468)
	at com.yourcompany.SampleSauceTest.tearDown(SampleSauceTest.java:192)
	at sun.reflect.NativeMethodAccessorImpl.invoke0(Native Method)
	at sun.reflect.NativeMethodAccessorImpl.invoke(NativeMethodAccessorImpl.java:62)
	at sun.reflect.DelegatingMethodAccessorImpl.invoke(DelegatingMethodAccessorImpl.java:43)
	at java.lang.reflect.Method.invoke(Method.java:497)
	at org.junit.runners.model.FrameworkMethod$1.runReflectiveCall(FrameworkMethod.java:47)
	at org.junit.internal.runners.model.ReflectiveCallable.run(ReflectiveCallable.java:12)
	at org.junit.runners.model.FrameworkMethod.invokeExplosively(FrameworkMethod.java:44)
	at org.junit.internal.runners.statements.RunAfters.evaluate(RunAfters.java:33)
	at org.junit.rules.TestWatcher$1.evaluate(TestWatcher.java:55)
	at org.junit.rules.RunRules.evaluate(RunRules.java:20)
	at org.junit.runners.ParentRunner.runLeaf(ParentRunner.java:271)
	at org.junit.runners.BlockJUnit4ClassRunner.runChild(BlockJUnit4ClassRunner.java:70)
	at com.saucelabs.junit.ConcurrentParameterized$SauceClassRunnerForParameters.access$300(ConcurrentParameterized.java:170)
	at com.saucelabs.junit.ConcurrentParameterized$SauceClassRunnerForParameters$2.run(ConcurrentParameterized.java:287)
	at com.saucelabs.junit.ConcurrentParameterized$NonBlockingAsynchronousRunner$1.call(ConcurrentParameterized.java:312)
	at java.util.concurrent.FutureTask.run(FutureTask.java:266)
	at java.util.concurrent.ThreadPoolExecutor.runWorker(ThreadPoolExecutor.java:1142)
	at java.util.concurrent.ThreadPoolExecutor$Worker.run(ThreadPoolExecutor.java:617)
	at java.lang.Thread.run(Thread.java:745)

loginTest[3](com.yourcompany.SampleSauceTest)  Time elapsed: 0.003 sec  <<< ERROR!
org.openqa.selenium.WebDriverException: <!DOCTYPE html PUBLIC "-//W3C//DTD HTML 4.01//EN" "http://www.w3.org/TR/html4/strict.dtd"><html><head><meta http-equiv="Content-Type" content="text/html; charset=utf-8"><title>ERROR: The requested URL could not be retrieved</title><style type="text/css"><!--  Internal Error: Missing Template MGR_INDEXbody:lang(fa) { direction: rtl; font-size: 100%; font-family: Tahoma, Roya, sans-serif; float: right; }:lang(he) { direction: rtl; } --></style><meta http-equiv="refresh" content="0; url=http://www.flyfi.com/global/errors/no-coverage.htm"/><style type="text/css"><!-- html body {font-size: 0pt; color: #ffffff; background: #ffffff;} hr { display: none; } #titles { background: #ffffff; color: #ffffff; } h1 { font-size: 0pt; color: #ffffff; } h2 { font-size: 0pt; color: #ffffff; } #footer { font-size: 0pt; color: #ffffff; } a { color: #ffffff; font-size: 0pt; } p { color: #ffffff; font-size: 0pt; } --></style></head><body id=ERR_READ_ERROR><div id="titles"><h1>ERROR</h1><h2>The requested URL could not be retrieved</h2></div><hr><div id="content"><p>The following error was encountered while trying to retrieve the URL: <a href="http://ondemand.saucelabs.com/wd/hub/session/d5534b914eac451ebdbed998ea078ac4/element">http://ondemand.saucelabs.com/wd/hub/session/d5534b914eac451ebdbed998ea078ac4/element</a></p><blockquote id="error"><p><b>Read Error</b></p></blockquote><p id="sysmsg">The system returned: <i>(104) Connection reset by peer</i></p><p>An error condition occurred while reading data from the network. Please retry your request.</p><p>Your cache administrator is <a href="mailto:webmaster?subject=CacheErrorInfo%20-%20ERR_READ_ERROR&amp;body=CacheHost%3A%203%0D%0AErrPage%3A%20ERR_READ_ERROR%0D%0AErr%3A%20(104)%20Connection%20reset%20by%20peer%0D%0ATimeStamp%3A%20Tue,%2016%20Jun%202015%2023%3A19%3A11%20GMT%0D%0A%0D%0AClientIP%3A%20172.27.6.112%0D%0AServerIP%3A%20ondemand.saucelabs.com%0D%0A%0D%0AHTTP%20Request%3A%0D%0APOST%20%2Fwd%2Fhub%2Fsession%2Fd5534b914eac451ebdbed998ea078ac4%2Felement%20HTTP%2F1.1%0AContent-Type%3A%20application%2Fjson%3B%20charset%3Dutf-8%0D%0AContent-Length%3A%20121%0D%0AHost%3A%20ondemand.saucelabs.com%3A80%0D%0AConnection%3A%20Keep-Alive%0D%0AUser-Agent%3A%20Apache-HttpClient%2F4.3.6%20(java%201.5)%0D%0AAccept-Encoding%3A%20gzip,deflate%0D%0A%0D%0A%0D%0A">webmaster</a>.</p><br></div><hr><div id="footer"><p>Generated Tue, 16 Jun 2015 23:19:11 GMT by 3 (squid)</p><!-- ERR_READ_ERROR --></div></body></html>
Command duration or timeout: 5.80 seconds
Build info: version: '2.45.0', revision: '5017cb8e7ca8e37638dc3091b2440b90a1d8686f', time: '2015-02-27 09:10:26'
System info: host: 'kristians-MacBook-Air.local', ip: '172.27.6.112', os.name: 'Mac OS X', os.arch: 'x86_64', os.version: '10.10.3', java.version: '1.8.0_40'
Driver info: org.openqa.selenium.remote.RemoteWebDriver
Capabilities [{applicationCacheEnabled=true, rotatable=false, hasMetadata=true, databaseEnabled=true, handlesAlerts=true, version=36.0, platform=WINDOWS, nativeEvents=false, acceptSslCerts=true, webdriver.remote.sessionid=d5534b914eac451ebdbed998ea078ac4, locationContextEnabled=true, webStorageEnabled=true, takesScreenshot=true, browserName=firefox, javascriptEnabled=true, cssSelectorsEnabled=true}]
Session ID: d5534b914eac451ebdbed998ea078ac4
*** Element info: {Using=xpath, value=//div[@class='xdeals-container']//a[.='Search Express Deals®']}
	at sun.reflect.NativeConstructorAccessorImpl.newInstance0(Native Method)
	at sun.reflect.NativeConstructorAccessorImpl.newInstance(NativeConstructorAccessorImpl.java:62)
	at sun.reflect.DelegatingConstructorAccessorImpl.newInstance(DelegatingConstructorAccessorImpl.java:45)
	at java.lang.reflect.Constructor.newInstance(Constructor.java:422)
	at org.openqa.selenium.remote.ErrorHandler.createThrowable(ErrorHandler.java:204)
	at org.openqa.selenium.remote.ErrorHandler.throwIfResponseFailed(ErrorHandler.java:156)
	at org.openqa.selenium.remote.RemoteWebDriver.execute(RemoteWebDriver.java:599)
	at org.openqa.selenium.remote.RemoteWebDriver.findElement(RemoteWebDriver.java:352)
	at org.openqa.selenium.remote.RemoteWebDriver.findElementByXPath(RemoteWebDriver.java:449)
	at org.openqa.selenium.By$ByXPath.findElement(By.java:357)
	at org.openqa.selenium.remote.RemoteWebDriver.findElement(RemoteWebDriver.java:344)
	at com.yourcompany.SampleSauceTest.loginTest(SampleSauceTest.java:176)
	at sun.reflect.NativeMethodAccessorImpl.invoke0(Native Method)
	at sun.reflect.NativeMethodAccessorImpl.invoke(NativeMethodAccessorImpl.java:62)
	at sun.reflect.DelegatingMethodAccessorImpl.invoke(DelegatingMethodAccessorImpl.java:43)
	at java.lang.reflect.Method.invoke(Method.java:497)
	at org.junit.runners.model.FrameworkMethod$1.runReflectiveCall(FrameworkMethod.java:47)
	at org.junit.internal.runners.model.ReflectiveCallable.run(ReflectiveCallable.java:12)
	at org.junit.runners.model.FrameworkMethod.invokeExplosively(FrameworkMethod.java:44)
	at org.junit.internal.runners.statements.InvokeMethod.evaluate(InvokeMethod.java:17)
	at org.junit.internal.runners.statements.RunBefores.evaluate(RunBefores.java:26)
	at org.junit.internal.runners.statements.RunAfters.evaluate(RunAfters.java:27)
	at org.junit.rules.TestWatcher$1.evaluate(TestWatcher.java:55)
	at org.junit.rules.RunRules.evaluate(RunRules.java:20)
	at org.junit.runners.ParentRunner.runLeaf(ParentRunner.java:271)
	at org.junit.runners.BlockJUnit4ClassRunner.runChild(BlockJUnit4ClassRunner.java:70)
	at com.saucelabs.junit.ConcurrentParameterized$SauceClassRunnerForParameters.access$300(ConcurrentParameterized.java:170)
	at com.saucelabs.junit.ConcurrentParameterized$SauceClassRunnerForParameters$2.run(ConcurrentParameterized.java:287)
	at com.saucelabs.junit.ConcurrentParameterized$NonBlockingAsynchronousRunner$1.call(ConcurrentParameterized.java:312)
	at java.util.concurrent.FutureTask.run(FutureTask.java:266)
	at java.util.concurrent.ThreadPoolExecutor.runWorker(ThreadPoolExecutor.java:1142)
	at java.util.concurrent.ThreadPoolExecutor$Worker.run(ThreadPoolExecutor.java:617)
	at java.lang.Thread.run(Thread.java:745)

loginTest[1](com.yourcompany.SampleSauceTest)  Time elapsed: 0.005 sec  <<< ERROR!
org.openqa.selenium.WebDriverException: <!DOCTYPE html PUBLIC "-//W3C//DTD HTML 4.01//EN" "http://www.w3.org/TR/html4/strict.dtd"><html><head><meta http-equiv="Content-Type" content="text/html; charset=utf-8"><title>ERROR: The requested URL could not be retrieved</title><style type="text/css"><!--  Internal Error: Missing Template MGR_INDEXbody:lang(fa) { direction: rtl; font-size: 100%; font-family: Tahoma, Roya, sans-serif; float: right; }:lang(he) { direction: rtl; } --></style><meta http-equiv="refresh" content="0; url=http://www.flyfi.com/global/errors/no-coverage.htm"/><style type="text/css"><!-- html body {font-size: 0pt; color: #ffffff; background: #ffffff;} hr { display: none; } #titles { background: #ffffff; color: #ffffff; } h1 { font-size: 0pt; color: #ffffff; } h2 { font-size: 0pt; color: #ffffff; } #footer { font-size: 0pt; color: #ffffff; } a { color: #ffffff; font-size: 0pt; } p { color: #ffffff; font-size: 0pt; } --></style></head><body id=ERR_READ_ERROR><div id="titles"><h1>ERROR</h1><h2>The requested URL could not be retrieved</h2></div><hr><div id="content"><p>The following error was encountered while trying to retrieve the URL: <a href="http://ondemand.saucelabs.com/wd/hub/session/bf0325a1e17e496caed91f7dc6ed9d1d/element/0/click">http://ondemand.saucelabs.com/wd/hub/session/bf0325a1e17e496caed91f7dc6ed9d1d/element/0/click</a></p><blockquote id="error"><p><b>Read Error</b></p></blockquote><p id="sysmsg">The system returned: <i>(104) Connection reset by peer</i></p><p>An error condition occurred while reading data from the network. Please retry your request.</p><p>Your cache administrator is <a href="mailto:webmaster?subject=CacheErrorInfo%20-%20ERR_READ_ERROR&amp;body=CacheHost%3A%203%0D%0AErrPage%3A%20ERR_READ_ERROR%0D%0AErr%3A%20(104)%20Connection%20reset%20by%20peer%0D%0ATimeStamp%3A%20Tue,%2016%20Jun%202015%2023%3A19%3A28%20GMT%0D%0A%0D%0AClientIP%3A%20172.27.6.112%0D%0AServerIP%3A%20ondemand.saucelabs.com%0D%0A%0D%0AHTTP%20Request%3A%0D%0APOST%20%2Fwd%2Fhub%2Fsession%2Fbf0325a1e17e496caed91f7dc6ed9d1d%2Felement%2F0%2Fclick%20HTTP%2F1.1%0AContent-Type%3A%20application%2Fjson%3B%20charset%3Dutf-8%0D%0AContent-Length%3A%2010%0D%0AHost%3A%20ondemand.saucelabs.com%3A80%0D%0AConnection%3A%20Keep-Alive%0D%0AUser-Agent%3A%20Apache-HttpClient%2F4.3.6%20(java%201.5)%0D%0AAccept-Encoding%3A%20gzip,deflate%0D%0A%0D%0A%0D%0A">webmaster</a>.</p><br></div><hr><div id="footer"><p>Generated Tue, 16 Jun 2015 23:19:28 GMT by 3 (squid)</p><!-- ERR_READ_ERROR --></div></body></html>
Command duration or timeout: 21.98 seconds
Build info: version: '2.45.0', revision: '5017cb8e7ca8e37638dc3091b2440b90a1d8686f', time: '2015-02-27 09:10:26'
System info: host: 'kristians-MacBook-Air.local', ip: '172.27.6.112', os.name: 'Mac OS X', os.arch: 'x86_64', os.version: '10.10.3', java.version: '1.8.0_40'
Driver info: org.openqa.selenium.remote.RemoteWebDriver
Capabilities [{browserAttachTimeout=0, enablePersistentHover=true, ie.forceCreateProcessApi=false, ie.usePerProcessProxy=false, ignoreZoomSetting=false, hasMetadata=true, handlesAlerts=true, version=10, platform=WINDOWS, nativeEvents=true, ie.ensureCleanSession=false, elementScrollBehavior=0, webdriver.remote.sessionid=bf0325a1e17e496caed91f7dc6ed9d1d, ie.browserCommandLineSwitches=, requireWindowFocus=false, takesScreenshot=true, initialBrowserUrl=about:blank, browserName=internet explorer, javascriptEnabled=true, ignoreProtectedModeSettings=false, enableElementCacheCleanup=true, cssSelectorsEnabled=true, unexpectedAlertBehaviour=dismiss}]
Session ID: bf0325a1e17e496caed91f7dc6ed9d1d
	at sun.reflect.NativeConstructorAccessorImpl.newInstance0(Native Method)
	at sun.reflect.NativeConstructorAccessorImpl.newInstance(NativeConstructorAccessorImpl.java:62)
	at sun.reflect.DelegatingConstructorAccessorImpl.newInstance(DelegatingConstructorAccessorImpl.java:45)
	at java.lang.reflect.Constructor.newInstance(Constructor.java:422)
	at org.openqa.selenium.remote.ErrorHandler.createThrowable(ErrorHandler.java:204)
	at org.openqa.selenium.remote.ErrorHandler.throwIfResponseFailed(ErrorHandler.java:156)
	at org.openqa.selenium.remote.RemoteWebDriver.execute(RemoteWebDriver.java:599)
	at org.openqa.selenium.remote.RemoteWebElement.execute(RemoteWebElement.java:268)
	at org.openqa.selenium.remote.RemoteWebElement.click(RemoteWebElement.java:79)
	at com.yourcompany.SampleSauceTest.loginTest(SampleSauceTest.java:176)
	at sun.reflect.NativeMethodAccessorImpl.invoke0(Native Method)
	at sun.reflect.NativeMethodAccessorImpl.invoke(NativeMethodAccessorImpl.java:62)
	at sun.reflect.DelegatingMethodAccessorImpl.invoke(DelegatingMethodAccessorImpl.java:43)
	at java.lang.reflect.Method.invoke(Method.java:497)
	at org.junit.runners.model.FrameworkMethod$1.runReflectiveCall(FrameworkMethod.java:47)
	at org.junit.internal.runners.model.ReflectiveCallable.run(ReflectiveCallable.java:12)
	at org.junit.runners.model.FrameworkMethod.invokeExplosively(FrameworkMethod.java:44)
	at org.junit.internal.runners.statements.InvokeMethod.evaluate(InvokeMethod.java:17)
	at org.junit.internal.runners.statements.RunBefores.evaluate(RunBefores.java:26)
	at org.junit.internal.runners.statements.RunAfters.evaluate(RunAfters.java:27)
	at org.junit.rules.TestWatcher$1.evaluate(TestWatcher.java:55)
	at org.junit.rules.RunRules.evaluate(RunRules.java:20)
	at org.junit.runners.ParentRunner.runLeaf(ParentRunner.java:271)
	at org.junit.runners.BlockJUnit4ClassRunner.runChild(BlockJUnit4ClassRunner.java:70)
	at com.saucelabs.junit.ConcurrentParameterized$SauceClassRunnerForParameters.access$300(ConcurrentParameterized.java:170)
	at com.saucelabs.junit.ConcurrentParameterized$SauceClassRunnerForParameters$2.run(ConcurrentParameterized.java:287)
	at com.saucelabs.junit.ConcurrentParameterized$NonBlockingAsynchronousRunner$1.call(ConcurrentParameterized.java:312)
	at java.util.concurrent.FutureTask.run(FutureTask.java:266)
	at java.util.concurrent.ThreadPoolExecutor.runWorker(ThreadPoolExecutor.java:1142)
	at java.util.concurrent.ThreadPoolExecutor$Worker.run(ThreadPoolExecutor.java:617)
	at java.lang.Thread.run(Thread.java:745)

loginTest[8](com.yourcompany.SampleSauceTest)  Time elapsed: 0.005 sec  <<< ERROR!
org.openqa.selenium.WebDriverException: <!DOCTYPE html PUBLIC "-//W3C//DTD HTML 4.01//EN" "http://www.w3.org/TR/html4/strict.dtd"><html><head><meta http-equiv="Content-Type" content="text/html; charset=utf-8"><title>ERROR: The requested URL could not be retrieved</title><style type="text/css"><!--  Internal Error: Missing Template MGR_INDEXbody:lang(fa) { direction: rtl; font-size: 100%; font-family: Tahoma, Roya, sans-serif; float: right; }:lang(he) { direction: rtl; } --></style><meta http-equiv="refresh" content="0; url=http://www.flyfi.com/global/errors/no-coverage.htm"/><style type="text/css"><!-- html body {font-size: 0pt; color: #ffffff; background: #ffffff;} hr { display: none; } #titles { background: #ffffff; color: #ffffff; } h1 { font-size: 0pt; color: #ffffff; } h2 { font-size: 0pt; color: #ffffff; } #footer { font-size: 0pt; color: #ffffff; } a { color: #ffffff; font-size: 0pt; } p { color: #ffffff; font-size: 0pt; } --></style></head><body id=ERR_READ_ERROR><div id="titles"><h1>ERROR</h1><h2>The requested URL could not be retrieved</h2></div><hr><div id="content"><p>The following error was encountered while trying to retrieve the URL: <a href="http://ondemand.saucelabs.com/wd/hub/session/8d3c1ce1cd574cd8aedb19a273d28980/element">http://ondemand.saucelabs.com/wd/hub/session/8d3c1ce1cd574cd8aedb19a273d28980/element</a></p><blockquote id="error"><p><b>Read Error</b></p></blockquote><p id="sysmsg">The system returned: <i>(104) Connection reset by peer</i></p><p>An error condition occurred while reading data from the network. Please retry your request.</p><p>Your cache administrator is <a href="mailto:webmaster?subject=CacheErrorInfo%20-%20ERR_READ_ERROR&amp;body=CacheHost%3A%203%0D%0AErrPage%3A%20ERR_READ_ERROR%0D%0AErr%3A%20(104)%20Connection%20reset%20by%20peer%0D%0ATimeStamp%3A%20Tue,%2016%20Jun%202015%2023%3A19%3A14%20GMT%0D%0A%0D%0AClientIP%3A%20172.27.6.112%0D%0AServerIP%3A%20ondemand.saucelabs.com%0D%0A%0D%0AHTTP%20Request%3A%0D%0APOST%20%2Fwd%2Fhub%2Fsession%2F8d3c1ce1cd574cd8aedb19a273d28980%2Felement%20HTTP%2F1.1%0AContent-Type%3A%20application%2Fjson%3B%20charset%3Dutf-8%0D%0AContent-Length%3A%20121%0D%0AHost%3A%20ondemand.saucelabs.com%3A80%0D%0AConnection%3A%20Keep-Alive%0D%0AUser-Agent%3A%20Apache-HttpClient%2F4.3.6%20(java%201.5)%0D%0AAccept-Encoding%3A%20gzip,deflate%0D%0A%0D%0A%0D%0A">webmaster</a>.</p><br></div><hr><div id="footer"><p>Generated Tue, 16 Jun 2015 23:19:14 GMT by 3 (squid)</p><!-- ERR_READ_ERROR --></div></body></html>
Command duration or timeout: 5.89 seconds
Build info: version: '2.45.0', revision: '5017cb8e7ca8e37638dc3091b2440b90a1d8686f', time: '2015-02-27 09:10:26'
System info: host: 'kristians-MacBook-Air.local', ip: '172.27.6.112', os.name: 'Mac OS X', os.arch: 'x86_64', os.version: '10.10.3', java.version: '1.8.0_40'
Driver info: org.openqa.selenium.remote.RemoteWebDriver
Capabilities [{browserAttachTimeout=0, enablePersistentHover=true, ie.forceCreateProcessApi=false, ie.usePerProcessProxy=false, ignoreZoomSetting=false, hasMetadata=true, handlesAlerts=true, version=9, platform=WINDOWS, proxy={proxyAutoconfigUrl=http://127.0.0.1:19876/pac.js, proxyType=pac}, nativeEvents=true, ie.ensureCleanSession=false, elementScrollBehavior=0, ie.browserCommandLineSwitches=, webdriver.remote.sessionid=8d3c1ce1cd574cd8aedb19a273d28980, requireWindowFocus=false, takesScreenshot=true, browserName=internet explorer, initialBrowserUrl=http://localhost:5715/, javascriptEnabled=true, ignoreProtectedModeSettings=false, enableElementCacheCleanup=true, cssSelectorsEnabled=true, unexpectedAlertBehaviour=dismiss}]
Session ID: 8d3c1ce1cd574cd8aedb19a273d28980
*** Element info: {Using=xpath, value=//div[@class='xdeals-container']//a[.='Search Express Deals®']}
	at sun.reflect.NativeConstructorAccessorImpl.newInstance0(Native Method)
	at sun.reflect.NativeConstructorAccessorImpl.newInstance(NativeConstructorAccessorImpl.java:62)
	at sun.reflect.DelegatingConstructorAccessorImpl.newInstance(DelegatingConstructorAccessorImpl.java:45)
	at java.lang.reflect.Constructor.newInstance(Constructor.java:422)
	at org.openqa.selenium.remote.ErrorHandler.createThrowable(ErrorHandler.java:204)
	at org.openqa.selenium.remote.ErrorHandler.throwIfResponseFailed(ErrorHandler.java:156)
	at org.openqa.selenium.remote.RemoteWebDriver.execute(RemoteWebDriver.java:599)
	at org.openqa.selenium.remote.RemoteWebDriver.findElement(RemoteWebDriver.java:352)
	at org.openqa.selenium.remote.RemoteWebDriver.findElementByXPath(RemoteWebDriver.java:449)
	at org.openqa.selenium.By$ByXPath.findElement(By.java:357)
	at org.openqa.selenium.remote.RemoteWebDriver.findElement(RemoteWebDriver.java:344)
	at com.yourcompany.SampleSauceTest.loginTest(SampleSauceTest.java:176)
	at sun.reflect.NativeMethodAccessorImpl.invoke0(Native Method)
	at sun.reflect.NativeMethodAccessorImpl.invoke(NativeMethodAccessorImpl.java:62)
	at sun.reflect.DelegatingMethodAccessorImpl.invoke(DelegatingMethodAccessorImpl.java:43)
	at java.lang.reflect.Method.invoke(Method.java:497)
	at org.junit.runners.model.FrameworkMethod$1.runReflectiveCall(FrameworkMethod.java:47)
	at org.junit.internal.runners.model.ReflectiveCallable.run(ReflectiveCallable.java:12)
	at org.junit.runners.model.FrameworkMethod.invokeExplosively(FrameworkMethod.java:44)
	at org.junit.internal.runners.statements.InvokeMethod.evaluate(InvokeMethod.java:17)
	at org.junit.internal.runners.statements.RunBefores.evaluate(RunBefores.java:26)
	at org.junit.internal.runners.statements.RunAfters.evaluate(RunAfters.java:27)
	at org.junit.rules.TestWatcher$1.evaluate(TestWatcher.java:55)
	at org.junit.rules.RunRules.evaluate(RunRules.java:20)
	at org.junit.runners.ParentRunner.runLeaf(ParentRunner.java:271)
	at org.junit.runners.BlockJUnit4ClassRunner.runChild(BlockJUnit4ClassRunner.java:70)
	at com.saucelabs.junit.ConcurrentParameterized$SauceClassRunnerForParameters.access$300(ConcurrentParameterized.java:170)
	at com.saucelabs.junit.ConcurrentParameterized$SauceClassRunnerForParameters$2.run(ConcurrentParameterized.java:287)
	at com.saucelabs.junit.ConcurrentParameterized$NonBlockingAsynchronousRunner$1.call(ConcurrentParameterized.java:312)
	at java.util.concurrent.FutureTask.run(FutureTask.java:266)
	at java.util.concurrent.ThreadPoolExecutor.runWorker(ThreadPoolExecutor.java:1142)
	at java.util.concurrent.ThreadPoolExecutor$Worker.run(ThreadPoolExecutor.java:617)
	at java.lang.Thread.run(Thread.java:745)

